Using pre-set license
Built from '2020.3/release' branch; Version is '2020.3.7f1 (dd97f2c94397) revision 14522354'; Using compiler version '192528614'; Build Type 'Release'
OS: 'Windows 10 Home; OS build 19042.985; Version 2009; 64bit' Language: 'en' Physical Memory: 16335 MB
BatchMode: 1, IsHumanControllingUs: 0, StartBugReporterOnCrash: 0, Is64bit: 1, IsPro: 0

 COMMAND LINE ARGUMENTS:
E:\___PROGRAMMING\Unity\2020.3.7f1\Editor\Unity.exe
-adb2
-batchMode
-noUpm
-name
AssetImportWorker0
-projectPath
E:/___PROGRAMMING/Unity/Breakout-Arcade/Block Breaker
-logFile
Logs/AssetImportWorker0.log
-srvPort
54162
Successfully changed project path to: E:/___PROGRAMMING/Unity/Breakout-Arcade/Block Breaker
E:/___PROGRAMMING/Unity/Breakout-Arcade/Block Breaker
Using Asset Import Pipeline V2.
